<?xml version="1.0" encoding="UTF-8"?>
<!-- Generated by org.testng.reporters.JUnitXMLReporter -->
<testsuite ignored="0" hostname="LAPTOP-QLN7PI00" failures="0" tests="4" name="Ecommerce Test" time="20.139" errors="0" timestamp="2024-05-10T16:24:30 IST">
  <testcase classname="test.All_TestMethods" name="OpenGoogle" time="0.329"/>
  <testcase classname="test.All_TestMethods" name="OpenLink" time="5.963"/>
  <testcase classname="test.All_TestMethods" name="EnterEamil" time="2.178"/>
  <testcase classname="test.All_TestMethods" name="ClickBtn" time="8.431"/>
</testsuite> <!-- Ecommerce Test -->
