<?xml version="1.0" encoding="UTF-8"?>
<testng-results ignored="0" total="6" passed="5" failed="1" skipped="0">
  <reporter-output>
  </reporter-output>
  <suite started-at="2024-05-10T16:48:39 IST" name="Default suite" finished-at="2024-05-10T16:48:50 IST" duration-ms="11445">
    <groups>
    </groups>
    <test started-at="2024-05-10T16:48:39 IST" name="Default test" finished-at="2024-05-10T16:48:50 IST" duration-ms="11445">
      <class name="test.All_TestMethods">
        <test-method is-config="true" signature="BeforTest()[pri:0, instance:test.All_TestMethods@6892b3b6]" started-at="2024-05-10T16:48:39 IST" name="BeforTest" finished-at="2024-05-10T16:48:42 IST" duration-ms="3366" status="PASS">
          <reporter-output>
          </reporter-output>
        </test-method> <!-- BeforTest -->
        <test-method signature="CheckDashboard()[pri:0, instance:test.All_TestMethods@6892b3b6]" started-at="2024-05-10T16:48:42 IST" name="CheckDashboard" finished-at="2024-05-10T16:48:42 IST" duration-ms="28" status="FAIL">
          <exception class="java.lang.NullPointerException">
            <message>
              <![CDATA[Cannot invoke "org.openqa.selenium.WebDriver.getTitle()" because "this.driver" is null]]>
            </message>
            <full-stacktrace>
              <![CDATA[java.lang.NullPointerException: Cannot invoke "org.openqa.selenium.WebDriver.getTitle()" because "this.driver" is null
at pom.HomePage_Ecommerce.DashboardView(HomePage_Ecommerce.java:21)
at test.All_TestMethods.CheckDashboard(All_TestMethods.java:71)
at java.base/jdk.internal.reflect.NativeMethodAccessorImpl.invoke0(Native Method)
at java.base/jdk.internal.reflect.NativeMethodAccessorImpl.invoke(NativeMethodAccessorImpl.java:77)
at java.base/jdk.internal.reflect.DelegatingMethodAccessorImpl.invoke(DelegatingMethodAccessorImpl.java:43)
at java.base/java.lang.reflect.Method.invoke(Method.java:568)
at org.testng.internal.invokers.MethodInvocationHelper.invokeMethod(MethodInvocationHelper.java:139)
at org.testng.internal.invokers.TestInvoker.invokeMethod(TestInvoker.java:664)
at org.testng.internal.invokers.TestInvoker.invokeTestMethod(TestInvoker.java:228)
at org.testng.internal.invokers.MethodRunner.runInSequence(MethodRunner.java:63)
at org.testng.internal.invokers.TestInvoker$MethodInvocationAgent.invoke(TestInvoker.java:961)
at org.testng.internal.invokers.TestInvoker.invokeTestMethods(TestInvoker.java:201)
at org.testng.internal.invokers.TestMethodWorker.invokeTestMethods(TestMethodWorker.java:148)
at org.testng.internal.invokers.TestMethodWorker.run(TestMethodWorker.java:128)
at java.base/java.util.ArrayList.forEach(ArrayList.java:1511)
at org.testng.TestRunner.privateRun(TestRunner.java:819)
at org.testng.TestRunner.run(TestRunner.java:619)
at org.testng.SuiteRunner.runTest(SuiteRunner.java:443)
at org.testng.SuiteRunner.runSequentially(SuiteRunner.java:437)
at org.testng.SuiteRunner.privateRun(SuiteRunner.java:397)
at org.testng.SuiteRunner.run(SuiteRunner.java:336)
at org.testng.SuiteRunnerWorker.runSuite(SuiteRunnerWorker.java:52)
at org.testng.SuiteRunnerWorker.run(SuiteRunnerWorker.java:95)
at org.testng.TestNG.runSuitesSequentially(TestNG.java:1301)
at org.testng.TestNG.runSuitesLocally(TestNG.java:1228)
at org.testng.TestNG.runSuites(TestNG.java:1134)
at org.testng.TestNG.run(TestNG.java:1101)
at org.testng.remote.AbstractRemoteTestNG.run(AbstractRemoteTestNG.java:115)
at org.testng.remote.RemoteTestNG.initAndRun(RemoteTestNG.java:251)
at org.testng.remote.RemoteTestNG.main(RemoteTestNG.java:77)
]]>
            </full-stacktrace>
          </exception> <!-- java.lang.NullPointerException -->
          <reporter-output>
          </reporter-output>
        </test-method> <!-- CheckDashboard -->
        <test-method signature="CheckTitle()[pri:0, instance:test.All_TestMethods@6892b3b6]" started-at="2024-05-10T16:48:42 IST" name="CheckTitle" finished-at="2024-05-10T16:48:42 IST" duration-ms="5" status="PASS">
          <reporter-output>
          </reporter-output>
        </test-method> <!-- CheckTitle -->
        <test-method signature="OpenGoogle()[pri:0, instance:test.All_TestMethods@6892b3b6]" started-at="2024-05-10T16:48:42 IST" name="OpenGoogle" finished-at="2024-05-10T16:48:43 IST" duration-ms="290" status="PASS">
          <reporter-output>
          </reporter-output>
        </test-method> <!-- OpenGoogle -->
        <test-method signature="OpenLink()[pri:1, instance:test.All_TestMethods@6892b3b6]" started-at="2024-05-10T16:48:43 IST" name="OpenLink" finished-at="2024-05-10T16:48:47 IST" duration-ms="3840" status="PASS">
          <reporter-output>
          </reporter-output>
        </test-method> <!-- OpenLink -->
        <test-method signature="EnterEamil()[pri:2, instance:test.All_TestMethods@6892b3b6]" started-at="2024-05-10T16:48:47 IST" name="EnterEamil" finished-at="2024-05-10T16:48:49 IST" duration-ms="2270" status="PASS">
          <reporter-output>
          </reporter-output>
        </test-method> <!-- EnterEamil -->
        <test-method signature="ClickBtn()[pri:3, instance:test.All_TestMethods@6892b3b6]" started-at="2024-05-10T16:48:49 IST" name="ClickBtn" finished-at="2024-05-10T16:48:50 IST" duration-ms="1573" status="PASS">
          <reporter-output>
          </reporter-output>
        </test-method> <!-- ClickBtn -->
        <test-method is-config="true" signature="AfterTest()[pri:0, instance:test.All_TestMethods@6892b3b6]" started-at="2024-05-10T16:48:50 IST" name="AfterTest" finished-at="2024-05-10T16:48:50 IST" duration-ms="1" status="PASS">
          <reporter-output>
          </reporter-output>
        </test-method> <!-- AfterTest -->
      </class> <!-- test.All_TestMethods -->
    </test> <!-- Default test -->
  </suite> <!-- Default suite -->
</testng-results>
